Using pre-set license
Built from '2021.3/staging' branch; Version is '2021.3.1f1 (3b70a0754835) revision 3895456'; Using compiler version '192829333'; Build Type 'Release'
OS: 'Windows 11  (10.0.22631) 64bit Professional' Language: 'es' Physical Memory: 32649 MB
BatchMode: 1, IsHumanControllingUs: 0, StartBugReporterOnCrash: 0, Is64bit: 1, IsPro: 1

COMMAND LINE ARGUMENTS:
C:\Program Files\Unity\Hub\Editor\2021.3.1f1\Editor\Unity.exe
-adb2
-batchMode
-noUpm
-name
AssetImportWorker2
-projectPath
C:/Users/Usuario/Documents/GitHub/DeividARPorting/DeividVA_OVNIARPort
-logFile
Logs/AssetImportWorker2.log
-srvPort
61326
Successfully changed project path to: C:/Users/Usuario/Documents/GitHub/DeividARPorting/DeividVA_OVNIARPort
C:/Users/Usuario/Documents/GitHub/DeividARPorting/DeividVA_OVNIARPort
[UnityMemory] Configuration Parameters - Can be set up in boot.config
    "memorysetup-bucket-allocator-granularity=16"
    "memorysetup-bucket-allocator-bucket-count=8"
    "memorysetup-bucket-allocator-block-size=33554432"
    "memorysetup-bucket-allocator-block-count=8"
    "memorysetup-main-allocator-block-size=16777216"
    "memorysetup-thread-allocator-block-size=16777216"
    "memorysetup-gfx-main-allocator-block-size=16777216"
    "memorysetup-gfx-thread-allocator-block-size=16777216"
    "memorysetup-cache-allocator-block-size=4194304"
    "memorysetup-typetree-allocator-block-size=2097152"
    "memorysetup-profiler-bucket-allocator-granularity=16"
    "memorysetup-profiler-bucket-allocator-bucket-count=8"
    "memorysetup-profiler-bucket-allocator-block-size=33554432"
    "memorysetup-profiler-bucket-allocator-block-count=8"
    "memorysetup-profiler-allocator-block-size=16777216"
    "memorysetup-profiler-editor-allocator-block-size=1048576"
    "memorysetup-temp-allocator-size-main=16777216"
    "memorysetup-job-temp-allocator-block-size=2097152"
    "memorysetup-job-temp-allocator-block-size-background=1048576"
    "memorysetup-job-temp-allocator-reduction-small-platforms=262144"
    "memorysetup-temp-allocator-size-background-worker=32768"
    "memorysetup-temp-allocator-size-job-worker=262144"
    "memorysetup-temp-allocator-size-preload-manager=33554432"
    "memorysetup-temp-allocator-size-nav-mesh-worker=65536"
    "memorysetup-temp-allocator-size-audio-worker=65536"
    "memorysetup-temp-allocator-size-cloud-worker=32768"
    "memorysetup-temp-allocator-size-gi-baking-worker=262144"
    "memorysetup-temp-allocator-size-gfx=262144"
Refreshing native plugins compatible for Editor in 80.92 ms, found 3 plugins.
Preloading 0 native plugins for Editor in 0.00 ms.
Initialize engine version: 2021.3.1f1 (3b70a0754835)
[Subsystems] Discovering subsystems at path C:/Program Files/Unity/Hub/Editor/2021.3.1f1/Editor/Data/Resources/UnitySubsystems
[Subsystems] Discovering subsystems at path C:/Users/Usuario/Documents/GitHub/DeividARPorting/DeividVA_OVNIARPort/Assets
GfxDevice: creating device client; threaded=0; jobified=0
Direct3D:
    Version:  Direct3D 11.0 [level 11.1]
    Renderer: NVIDIA GeForce RTX 3060 (ID=0x2544)
    Vendor:   NVIDIA
    VRAM:     8049 MB
    Driver:   31.0.15.2802
Initialize mono
Mono path[0] = 'C:/Program Files/Unity/Hub/Editor/2021.3.1f1/Editor/Data/Managed'
Mono path[1] = 'C:/Program Files/Unity/Hub/Editor/2021.3.1f1/Editor/Data/MonoBleedingEdge/lib/mono/unityjit-win32'
Mono config path = 'C:/Program Files/Unity/Hub/Editor/2021.3.1f1/Editor/Data/MonoBleedingEdge/etc'
Using monoOptions --debugger-agent=transport=dt_socket,embedding=1,server=y,suspend=n,address=127.0.0.1:56092
Begin MonoManager ReloadAssembly
Registering precompiled unity dll's ...
Register platform support module: C:/Program Files/Unity/Hub/Editor/2021.3.1f1/Editor/Data/PlaybackEngines/WebGLSupport/UnityEditor.WebGL.Extensions.dll
Register platform support module: C:/Program Files/Unity/Hub/Editor/2021.3.1f1/Editor/Data/PlaybackEngines/AndroidPlayer/UnityEditor.Android.Extensions.dll
Register platform support module: C:/Program Files/Unity/Hub/Editor/2021.3.1f1/Editor/Data/PlaybackEngines/WindowsStandaloneSupport/UnityEditor.WindowsStandalone.Extensions.dll
Registered in 0.004248 seconds.
Native extension for WindowsStandalone target not found
Native extension for Android target not found
Native extension for WebGL target not found
Refreshing native plugins compatible for Editor in 91.88 ms, found 3 plugins.
Preloading 0 native plugins for Editor in 0.00 ms.
Mono: successfully reloaded assembly
- Completed reload, in  0.550 seconds
Domain Reload Profiling:
	ReloadAssembly (550ms)
		BeginReloadAssembly (68ms)
			ExecutionOrderSort (0ms)
			DisableScriptedObjects (0ms)
			BackupInstance (0ms)
			ReleaseScriptingObjects (0ms)
			CreateAndSetChildDomain (1ms)
		EndReloadAssembly (391ms)
			LoadAssemblies (67ms)
			RebuildTransferFunctionScriptingTraits (0ms)
			SetupTypeCache (79ms)
			ReleaseScriptCaches (0ms)
			RebuildScriptCaches (22ms)
			SetupLoadedEditorAssemblies (250ms)
				LogAssemblyErrors (0ms)
				InitializePlatformSupportModulesInManaged (44ms)
				SetLoadedEditorAssemblies (0ms)
				RefreshPlugins (92ms)
				BeforeProcessingInitializeOnLoad (1ms)
				ProcessInitializeOnLoadAttributes (76ms)
				ProcessInitializeOnLoadMethodAttributes (37ms)
				AfterProcessingInitializeOnLoad (0ms)
				EditorAssembliesLoaded (0ms)
			ExecutionOrderSort2 (0ms)
			AwakeInstancesAfterBackupRestoration (0ms)
Platform modules already initialized, skipping
Registering precompiled user dll's ...
Registered in 0.004117 seconds.
Begin MonoManager ReloadAssembly
Symbol file LoadedFromMemory doesn't match image C:\Users\Usuario\Documents\GitHub\DeividARPorting\DeividVA_OVNIARPort\Library\PackageCache\com.unity.visualscripting@1.7.6\Editor\VisualScripting.Core\Dependencies\YamlDotNet\Unity.VisualScripting.YamlDotNet.dll
Symbol file LoadedFromMemory is not a mono symbol file
Symbol file LoadedFromMemory doesn't match image C:\Users\Usuario\Documents\GitHub\DeividARPorting\DeividVA_OVNIARPort\Library\PackageCache\com.unity.visualscripting@1.7.6\Editor\VisualScripting.Core\Dependencies\DotNetZip\Unity.VisualScripting.IonicZip.dll
Native extension for WindowsStandalone target not found
Native extension for Android target not found
Native extension for WebGL target not found
Refreshing native plugins compatible for Editor in 75.30 ms, found 3 plugins.
Preloading 0 native plugins for Editor in 0.00 ms.
System.Exception: Error! Visual Scripting: couldn't find visual scripting package
  at Unity.VisualScripting.PackageVersionUtility.get_version () [0x00025] in C:\Users\Usuario\Documents\GitHub\DeividARPorting\DeividVA_OVNIARPort\Library\PackageCache\com.unity.visualscripting@1.7.6\Editor\VisualScripting.Core\Utilities\PackageVersionUtility.cs:22 
  at Unity.VisualScripting.BoltCoreManifest.get_version () [0x00000] in C:\Users\Usuario\Documents\GitHub\DeividARPorting\DeividVA_OVNIARPort\Library\PackageCache\com.unity.visualscripting@1.7.6\Editor\VisualScripting.Core\Plugin\BoltCoreManifest.cs:11 
  at Unity.VisualScripting.PluginManifest.get_currentVersion () [0x00000] in C:\Users\Usuario\Documents\GitHub\DeividARPorting\DeividVA_OVNIARPort\Library\PackageCache\com.unity.visualscripting@1.7.6\Editor\VisualScripting.Core\Plugins\PluginManifest.cs:33 
  at Unity.VisualScripting.PluginManifest.get_versionMismatch () [0x00000] in C:\Users\Usuario\Documents\GitHub\DeividARPorting\DeividVA_OVNIARPort\Library\PackageCache\com.unity.visualscripting@1.7.6\Editor\VisualScripting.Core\Plugins\PluginManifest.cs:48 
  at Unity.VisualScripting.PluginContainer.Initialize () [0x0057d] in C:\Users\Usuario\Documents\GitHub\DeividARPorting\DeividVA_OVNIARPort\Library\PackageCache\com.unity.visualscripting@1.7.6\Editor\VisualScripting.Core\Plugins\PluginContainer.cs:208 
  at Unity.VisualScripting.PluginContainer.InitializeOnLoad () [0x00012] in C:\Users\Usuario\Documents\GitHub\DeividARPorting\DeividVA_OVNIARPort\Library\PackageCache\com.unity.visualscripting@1.7.6\Editor\VisualScripting.Core\Plugins\PluginContainer.cs:32 
  at Unity.VisualScripting.VSUsageUtility.DoInitializeOnLoadCalls () [0x00044] in C:\Users\Usuario\Documents\GitHub\DeividARPorting\DeividVA_OVNIARPort\Library\PackageCache\com.unity.visualscripting@1.7.6\Editor\VisualScripting.Core\Utilities\VSUsageUtility.cs:76 
  at Unity.VisualScripting.VSUsageUtility.set_isVisualScriptingUsed (System.Boolean value) [0x00037] in C:\Users\Usuario\Documents\GitHub\DeividARPorting\DeividVA_OVNIARPort\Library\PackageCache\com.unity.visualscripting@1.7.6\Editor\VisualScripting.Core\Utilities\VSUsageUtility.cs:114 
  at Unity.VisualScripting.VSUsageUtility.CheckAndSetIsVisualScriptingUsed () [0x0003f] in C:\Users\Usuario\Documents\GitHub\DeividARPorting\DeividVA_OVNIARPort\Library\PackageCache\com.unity.visualscripting@1.7.6\Editor\VisualScripting.Core\Utilities\VSUsageUtility.cs:48 
  at Unity.VisualScripting.VSUsageUtility..cctor () [0x0000d] in C:\Users\Usuario\Documents\GitHub\DeividARPorting\DeividVA_OVNIARPort\Library\PackageCache\com.unity.visualscripting@1.7.6\Editor\VisualScripting.Core\Utilities\VSUsageUtility.cs:22 
UnityEngine.StackTraceUtility:ExtractStackTrace ()
UnityEngine.DebugLogHandler:LogFormat (UnityEngine.LogType,UnityEngine.Object,string,object[])
UnityEngine.Logger:Log (UnityEngine.LogType,object)
UnityEngine.Debug:LogError (object)
UnityEditor.EditorAssemblies:ProcessInitializeOnLoadAttributes (System.Type[])

Package Manager log level set to [2]
Mono: successfully reloaded assembly
- Completed reload, in  1.236 seconds
Domain Reload Profiling:
	ReloadAssembly (1237ms)
		BeginReloadAssembly (190ms)
			ExecutionOrderSort (0ms)
			DisableScriptedObjects (4ms)
			BackupInstance (0ms)
			ReleaseScriptingObjects (0ms)
			CreateAndSetChildDomain (129ms)
		EndReloadAssembly (972ms)
			LoadAssemblies (78ms)
			RebuildTransferFunctionScriptingTraits (0ms)
			SetupTypeCache (170ms)
			ReleaseScriptCaches (1ms)
			RebuildScriptCaches (45ms)
			SetupLoadedEditorAssemblies (647ms)
				LogAssemblyErrors (0ms)
				InitializePlatformSupportModulesInManaged (10ms)
				SetLoadedEditorAssemblies (0ms)
				RefreshPlugins (75ms)
				BeforeProcessingInitializeOnLoad (93ms)
				ProcessInitializeOnLoadAttributes (413ms)
				ProcessInitializeOnLoadMethodAttributes (51ms)
				AfterProcessingInitializeOnLoad (4ms)
				EditorAssembliesLoaded (0ms)
			ExecutionOrderSort2 (0ms)
			AwakeInstancesAfterBackupRestoration (3ms)
Platform modules already initialized, skipping
========================================================================
Worker process is ready to serve import requests
Launched and connected shader compiler UnityShaderCompiler.exe after 0.03 seconds
Refreshing native plugins compatible for Editor in 1.76 ms, found 3 plugins.
Preloading 0 native plugins for Editor in 0.00 ms.
Unloading 5357 Unused Serialized files (Serialized files now loaded: 1)
Unloading 33 unused Assets / (456.6 KB). Loaded Objects now: 5816.
Memory consumption went from 212.7 MB to 212.2 MB.
Total: 16.529800 ms (FindLiveObjects: 0.925100 ms CreateObjectMapping: 0.517200 ms MarkObjects: 14.846900 ms  DeleteObjects: 0.239300 ms)

AssetImportParameters requested are different than current active one (requested -> active):
  custom:video-decoder-ogg-theora: a1e56fd34408186e4bbccfd4996cb3dc -> 
  custom:container-muxer-webm: aa71ff27fc2769a1b78a27578f13a17b -> 
  custom:container-demuxer-webm: 4f35f7cbe854078d1ac9338744f61a02 -> 
  custom:video-encoder-webm-vp8: eb34c28f22e8b96e1ab97ce403110664 -> 
  custom:video-codec-MediaFoundation-h265: 746d11721c4dcdbdad8f713fa42b33f4 -> 
  custom:audio-encoder-webm-vorbis: bf7c407c2cedff20999df2af8eb42d56 -> 
  custom:framework-win-MediaFoundation: 216162199b28c13a410421893ffa2e32 -> 
  custom:container-demuxer-ogg: 62fdf1f143b41e24485cea50d1cbac27 -> 
  custom:video-decoder-webm-vp8: 9c59270c3fd7afecdb556c50c9e8de78 -> 
  custom:audio-decoder-ogg-vorbis: bf7c407c2cedff20999df2af8eb42d56 -> 
========================================================================
Received Import Request.
  Time since last request: 1228171.142838 seconds.
  path: Assets/_UFO Game/Prefabs/Gameplay.prefab
  artifactKey: Guid(80894c90906fc4741abca86350094b30) Importer(815301076,1909f56bfc062723c751e8b465ee728b)
Start importing Assets/_UFO Game/Prefabs/Gameplay.prefab using Guid(80894c90906fc4741abca86350094b30) Importer(815301076,1909f56bfc062723c751e8b465ee728b)  -> (artifact id: '88b49465bc09851e33ccbfbf217ac8c9') in 2.340394 seconds 
========================================================================
Received Import Request.
  Time since last request: 391.684727 seconds.
  path: Assets/_UFO Game/Textures/Environment_Base_Color.png
  artifactKey: Guid(6b7f5dd0edb606947ae5fa8563cf2d66) Importer(815301076,1909f56bfc062723c751e8b465ee728b)
Start importing Assets/_UFO Game/Textures/Environment_Base_Color.png using Guid(6b7f5dd0edb606947ae5fa8563cf2d66) Importer(815301076,1909f56bfc062723c751e8b465ee728b)  -> (artifact id: 'c4e2baa17901b487bff36a4fc217ccb0') in 0.063158 seconds 
========================================================================
Received Import Request.
  Time since last request: 0.000024 seconds.
  path: Assets/_UFO Game/Textures/Farmer_Height.png
  artifactKey: Guid(74eda1ffbcf942849afdf52dc5f8084c) Importer(815301076,1909f56bfc062723c751e8b465ee728b)
Start importing Assets/_UFO Game/Textures/Farmer_Height.png using Guid(74eda1ffbcf942849afdf52dc5f8084c) Importer(815301076,1909f56bfc062723c751e8b465ee728b)  -> (artifact id: '2ae98bc7d1c39a8e6cb8d406e994b4bd') in 0.045313 seconds 
========================================================================
Received Import Request.
  Time since last request: 0.000031 seconds.
  path: Assets/_UFO Game/Textures/UI_Button.png
  artifactKey: Guid(20aebcaea71bf864d9c1129dbc126ee0) Importer(815301076,1909f56bfc062723c751e8b465ee728b)
Start importing Assets/_UFO Game/Textures/UI_Button.png using Guid(20aebcaea71bf864d9c1129dbc126ee0) Importer(815301076,1909f56bfc062723c751e8b465ee728b)  -> (artifact id: '75c72c3134470bd3001b5cfda38feb2c') in 0.036211 seconds 
========================================================================
Received Import Request.
  Time since last request: 0.000026 seconds.
  path: Assets/_UFO Game/Textures/Sheep_Base_Color.png
  artifactKey: Guid(c9e6dbdb388b73948a57699b65e759fc) Importer(815301076,1909f56bfc062723c751e8b465ee728b)
Start importing Assets/_UFO Game/Textures/Sheep_Base_Color.png using Guid(c9e6dbdb388b73948a57699b65e759fc) Importer(815301076,1909f56bfc062723c751e8b465ee728b)  -> (artifact id: 'c17909ed61fad33671c4d44c3562ade8') in 0.027750 seconds 
========================================================================
Received Import Request.
  Time since last request: 0.000024 seconds.
  path: Assets/_UFO Game/Textures/Sheep_Normal.png
  artifactKey: Guid(21d8a71cd4549e04cb4ce7186e1c429c) Importer(815301076,1909f56bfc062723c751e8b465ee728b)
Start importing Assets/_UFO Game/Textures/Sheep_Normal.png using Guid(21d8a71cd4549e04cb4ce7186e1c429c) Importer(815301076,1909f56bfc062723c751e8b465ee728b)  -> (artifact id: '4eb143859be45e42becae161cd2117de') in 0.023134 seconds 
========================================================================
Received Import Request.
  Time since last request: 0.000021 seconds.
  path: Assets/_UFO Game/Textures/Farmer_Metallic.png
  artifactKey: Guid(679b929bc89328b4594f8f835d4bd6bb) Importer(815301076,1909f56bfc062723c751e8b465ee728b)
Start importing Assets/_UFO Game/Textures/Farmer_Metallic.png using Guid(679b929bc89328b4594f8f835d4bd6bb) Importer(815301076,1909f56bfc062723c751e8b465ee728b)  -> (artifact id: '1c91ac2a3483d35592e9ba68ea7ec542') in 0.051120 seconds 
========================================================================
Received Import Request.
  Time since last request: 0.000024 seconds.
  path: Assets/_UFO Game/Textures/Sheep_Metallic.png
  artifactKey: Guid(49dcee9ae5aca0640a3c5f95653f00ea) Importer(815301076,1909f56bfc062723c751e8b465ee728b)
Start importing Assets/_UFO Game/Textures/Sheep_Metallic.png using Guid(49dcee9ae5aca0640a3c5f95653f00ea) Importer(815301076,1909f56bfc062723c751e8b465ee728b)  -> (artifact id: '0c1012cc3f593a11dbc90c6f07021ac5') in 0.020913 seconds 
========================================================================
Received Import Request.
  Time since last request: 0.000020 seconds.
  path: Assets/_UFO Game/Textures/Farmer_Normal_OpenGL.png
  artifactKey: Guid(f080e27f690a01644b5c9c7efe06c4ab) Importer(815301076,1909f56bfc062723c751e8b465ee728b)
Start importing Assets/_UFO Game/Textures/Farmer_Normal_OpenGL.png using Guid(f080e27f690a01644b5c9c7efe06c4ab) Importer(815301076,1909f56bfc062723c751e8b465ee728b)  -> (artifact id: '3c625c525a3fc729525e2e9751e34822') in 0.055918 seconds 
========================================================================
Received Import Request.
  Time since last request: 0.000034 seconds.
  path: Assets/_UFO Game/Textures/Environment_Metallic.png
  artifactKey: Guid(6f10b35af124eea4098ead4e0fcf7c6d) Importer(815301076,1909f56bfc062723c751e8b465ee728b)
Start importing Assets/_UFO Game/Textures/Environment_Metallic.png using Guid(6f10b35af124eea4098ead4e0fcf7c6d) Importer(815301076,1909f56bfc062723c751e8b465ee728b)  -> (artifact id: 'b012bce4357f5192ca4b8c614ca40175') in 0.048018 seconds 
========================================================================
Received Import Request.
  Time since last request: 0.000035 seconds.
  path: Assets/_UFO Game/Textures/FlyingSaucer_Material_Base_Color.png
  artifactKey: Guid(14a7665d9d73a534885dbaf68d670451) Importer(815301076,1909f56bfc062723c751e8b465ee728b)
Start importing Assets/_UFO Game/Textures/FlyingSaucer_Material_Base_Color.png using Guid(14a7665d9d73a534885dbaf68d670451) Importer(815301076,1909f56bfc062723c751e8b465ee728b)  -> (artifact id: '3cf96d992f647eb4e57e081cefbe1700') in 0.058516 seconds 
========================================================================
Received Import Request.
  Time since last request: 0.000020 seconds.
  path: Assets/_UFO Game/Textures/Skybox_Night.png
  artifactKey: Guid(5c3623de7b5cb8747900078106f74c3a) Importer(815301076,1909f56bfc062723c751e8b465ee728b)
Start importing Assets/_UFO Game/Textures/Skybox_Night.png using Guid(5c3623de7b5cb8747900078106f74c3a) Importer(815301076,1909f56bfc062723c751e8b465ee728b)  -> (artifact id: 'a337a5ff7b85f26877fade18c2c8b024') in 0.024208 seconds 
========================================================================
Received Import Request.
  Time since last request: 0.000079 seconds.
  path: Assets/_UFO Game/Textures/Sheep_Height.png
  artifactKey: Guid(c83f5c8c3fc6362498792662c8a54f36) Importer(815301076,1909f56bfc062723c751e8b465ee728b)
Start importing Assets/_UFO Game/Textures/Sheep_Height.png using Guid(c83f5c8c3fc6362498792662c8a54f36) Importer(815301076,1909f56bfc062723c751e8b465ee728b)  -> (artifact id: 'a363f5eed22105b57a4d87560a003458') in 0.027014 seconds 
========================================================================
Received Import Request.
  Time since last request: 2.133960 seconds.
  path: Assets/_UFO Game/Textures/Markers
  artifactKey: Guid(bab96cb71732e8346ab96847fb5022dc) Importer(815301076,1909f56bfc062723c751e8b465ee728b)
Start importing Assets/_UFO Game/Textures/Markers using Guid(bab96cb71732e8346ab96847fb5022dc) Importer(815301076,1909f56bfc062723c751e8b465ee728b)  -> (artifact id: '6f2caf5c7c91165024b6478ed84a63d0') in 0.008191 seconds 
========================================================================
Received Import Request.
  Time since last request: 0.052135 seconds.
  path: Assets/_UFO Game/Textures/Markers/Marker.png
  artifactKey: Guid(171a610cbd73ec543b43ad96859f5be2) Importer(815301076,1909f56bfc062723c751e8b465ee728b)
Start importing Assets/_UFO Game/Textures/Markers/Marker.png using Guid(171a610cbd73ec543b43ad96859f5be2) Importer(815301076,1909f56bfc062723c751e8b465ee728b)  -> (artifact id: '860fc8b0fd742339f108e412b1bedfac') in 0.015377 seconds 
========================================================================
Received Import Request.
  Time since last request: 231.783736 seconds.
  path: Assets/_UFO Game/Textures/Markers/ReferenceImageLibrary.asset
  artifactKey: Guid(335ee56083ceee043ad57a05f6ecebe4) Importer(815301076,1909f56bfc062723c751e8b465ee728b)
Start importing Assets/_UFO Game/Textures/Markers/ReferenceImageLibrary.asset using Guid(335ee56083ceee043ad57a05f6ecebe4) Importer(815301076,1909f56bfc062723c751e8b465ee728b)  -> (artifact id: '1ee4b7c26d4b6787a997ce73b6bbfe10') in 0.015486 seconds 
========================================================================
Received Import Request.
  Time since last request: 452.530591 seconds.
  path: Assets/_UFO Game/Prefabs/Gameplay.prefab
  artifactKey: Guid(80894c90906fc4741abca86350094b30) Importer(815301076,1909f56bfc062723c751e8b465ee728b)
Start importing Assets/_UFO Game/Prefabs/Gameplay.prefab using Guid(80894c90906fc4741abca86350094b30) Importer(815301076,1909f56bfc062723c751e8b465ee728b)  -> (artifact id: '96b0640655c9a27ffbafbfed9f014f58') in 0.946847 seconds 
========================================================================
Received Import Request.
  Time since last request: 330.324015 seconds.
  path: Assets/_UFO Game/Prefabs/Gameplay.prefab
  artifactKey: Guid(80894c90906fc4741abca86350094b30) Importer(815301076,1909f56bfc062723c751e8b465ee728b)
Start importing Assets/_UFO Game/Prefabs/Gameplay.prefab using Guid(80894c90906fc4741abca86350094b30) Importer(815301076,1909f56bfc062723c751e8b465ee728b)  -> (artifact id: '51f275cd5b253aeb1dccc6630b2a326e') in 0.837460 seconds 
